[01-Nov-2015 20:06:11 Europe/Ljubljana] PHP Notice:  Undefined index: date in /home/parladaddy/parlaparser/inc/functions.php on line 741
[01-Nov-2015 20:06:11 Europe/Ljubljana] PHP Notice:  Undefined index: title in /home/parladaddy/parlaparser/inc/functions.php on line 741
[01-Nov-2015 20:06:11 Europe/Ljubljana] PHP Warning:  pg_query(): Query failed: ERROR:  invalid input syntax for type date: ""
LINE 6:     (NOW(), NOW(), '', '', '24', '', '', '1706')
                                         ^ in /home/parladaddy/parlaparser/inc/functions.php on line 743
[15-Nov-2015 19:27:37 Europe/Ljubljana] PHP Notice:  Undefined offset: 1 in /home/parladaddy/parlaparser/inc/functions.php on line 361
[15-Nov-2015 19:27:37 Europe/Ljubljana] PHP Warning:  Invalid argument supplied for foreach() in /home/parladaddy/parlaparser/inc/functions.php on line 146
[15-Nov-2015 22:19:55 Europe/Ljubljana] PHP Notice:  Undefined index: date in /home/parladaddy/parlaparser/inc/functions.php on line 741
[15-Nov-2015 22:19:55 Europe/Ljubljana] PHP Notice:  Undefined index: title in /home/parladaddy/parlaparser/inc/functions.php on line 741
[15-Nov-2015 22:19:55 Europe/Ljubljana] PHP Warning:  pg_query(): Query failed: ERROR:  invalid input syntax for type date: ""
LINE 6:     (NOW(), NOW(), '', '', '24', '', '', '2417')
                                         ^ in /home/parladaddy/parlaparser/inc/functions.php on line 743
[17-Jan-2016 15:19:29 Europe/Ljubljana] PHP Notice:  Undefined offset: 1 in /home/parladaddy/parlaparser/inc/functions.php on line 361
[17-Jan-2016 15:19:29 Europe/Ljubljana] PHP Warning:  Invalid argument supplied for foreach() in /home/parladaddy/parlaparser/inc/functions.php on line 146
[17-Jan-2016 16:39:23 Europe/Ljubljana] PHP Notice:  Undefined offset: 1 in /home/parladaddy/parlaparser/inc/functions.php on line 361
[17-Jan-2016 16:39:24 Europe/Ljubljana] PHP Warning:  Invalid argument supplied for foreach() in /home/parladaddy/parlaparser/inc/functions.php on line 146
[21-Feb-2016 12:25:06 Europe/Ljubljana] PHP Notice:  Undefined offset: 1 in /home/parladaddy/parlaparser/inc/functions.php on line 361
[21-Feb-2016 12:25:06 Europe/Ljubljana] PHP Warning:  Invalid argument supplied for foreach() in /home/parladaddy/parlaparser/inc/functions.php on line 146
[25-Feb-2016 19:51:44 Europe/Ljubljana] PHP Notice:  Undefined offset: 1 in /home/parladaddy/parlaparser/inc/functions.php on line 361
[25-Feb-2016 19:51:45 Europe/Ljubljana] PHP Warning:  Invalid argument supplied for foreach() in /home/parladaddy/parlaparser/inc/functions.php on line 146
